\BOOKMARK [0][-]{chapter.1}{\376\377\000T\000o\000d\000o\000\040\000L\000i\000s\000t}{}
\BOOKMARK [0][-]{chapter.2}{\376\377\000C\000l\000a\000s\000s\000\040\000I\000n\000d\000e\000x}{}
\BOOKMARK [1][-]{section.2.1}{\376\377\000C\000l\000a\000s\000s\000\040\000L\000i\000s\000t}{chapter.2}
\BOOKMARK [0][-]{chapter.3}{\376\377\000F\000i\000l\000e\000\040\000I\000n\000d\000e\000x}{}
\BOOKMARK [1][-]{section.3.1}{\376\377\000F\000i\000l\000e\000\040\000L\000i\000s\000t}{chapter.3}
\BOOKMARK [0][-]{chapter.4}{\376\377\000C\000l\000a\000s\000s\000\040\000D\000o\000c\000u\000m\000e\000n\000t\000a\000t\000i\000o\000n}{}
\BOOKMARK [1][-]{section.4.1}{\376\377\000S\000i\000g\000n\000a\000l\000\040\000C\000l\000a\000s\000s\000\040\000R\000e\000f\000e\000r\000e\000n\000c\000e}{chapter.4}
\BOOKMARK [2][-]{subsection.4.1.1}{\376\377\000D\000e\000t\000a\000i\000l\000e\000d\000\040\000D\000e\000s\000c\000r\000i\000p\000t\000i\000o\000n}{section.4.1}
\BOOKMARK [2][-]{subsection.4.1.2}{\376\377\000M\000e\000m\000b\000e\000r\000\040\000E\000n\000u\000m\000e\000r\000a\000t\000i\000o\000n\000\040\000D\000o\000c\000u\000m\000e\000n\000t\000a\000t\000i\000o\000n}{section.4.1}
\BOOKMARK [3][-]{subsubsection.4.1.2.1}{\376\377\000d\000e\000l\000a\000y\000\137\000t\000y\000p\000e}{subsection.4.1.2}
\BOOKMARK [2][-]{subsection.4.1.3}{\376\377\000C\000o\000n\000s\000t\000r\000u\000c\000t\000o\000r\000\040\000\046\000\040\000D\000e\000s\000t\000r\000u\000c\000t\000o\000r\000\040\000D\000o\000c\000u\000m\000e\000n\000t\000a\000t\000i\000o\000n}{section.4.1}
\BOOKMARK [3][-]{subsubsection.4.1.3.1}{\376\377\000S\000i\000g\000n\000a\000l}{subsection.4.1.3}
\BOOKMARK [3][-]{subsubsection.4.1.3.2}{\376\377\000S\000i\000g\000n\000a\000l}{subsection.4.1.3}
\BOOKMARK [3][-]{subsubsection.4.1.3.3}{\376\377\000S\000i\000g\000n\000a\000l}{subsection.4.1.3}
\BOOKMARK [2][-]{subsection.4.1.4}{\376\377\000M\000e\000m\000b\000e\000r\000\040\000F\000u\000n\000c\000t\000i\000o\000n\000\040\000D\000o\000c\000u\000m\000e\000n\000t\000a\000t\000i\000o\000n}{section.4.1}
\BOOKMARK [3][-]{subsubsection.4.1.4.1}{\376\377\000a\000d\000d}{subsection.4.1.4}
\BOOKMARK [3][-]{subsubsection.4.1.4.2}{\376\377\000c\000o\000p\000y\000f\000r\000o\000m}{subsection.4.1.4}
\BOOKMARK [3][-]{subsubsection.4.1.4.3}{\376\377\000d\000e\000l\000a\000y}{subsection.4.1.4}
\BOOKMARK [3][-]{subsubsection.4.1.4.4}{\376\377\000f\000i\000l\000t\000e\000r}{subsection.4.1.4}
\BOOKMARK [3][-]{subsubsection.4.1.4.5}{\376\377\000g\000a\000i\000n}{subsection.4.1.4}
\BOOKMARK [3][-]{subsubsection.4.1.4.6}{\376\377\000o\000p\000e\000r\000a\000t\000o\000r\000[\000]}{subsection.4.1.4}
\BOOKMARK [3][-]{subsubsection.4.1.4.7}{\376\377\000p\000l\000a\000y}{subsection.4.1.4}
\BOOKMARK [3][-]{subsubsection.4.1.4.8}{\376\377\000s\000e\000t\000\137\000s\000a\000m\000p\000l\000e\000r\000a\000t\000e}{subsection.4.1.4}
\BOOKMARK [3][-]{subsubsection.4.1.4.9}{\376\377\000s\000e\000t\000\137\000s\000i\000z\000e}{subsection.4.1.4}
\BOOKMARK [2][-]{subsection.4.1.5}{\376\377\000M\000e\000m\000b\000e\000r\000\040\000D\000a\000t\000a\000\040\000D\000o\000c\000u\000m\000e\000n\000t\000a\000t\000i\000o\000n}{section.4.1}
\BOOKMARK [3][-]{subsubsection.4.1.5.1}{\376\377\000d\000a\000t\000a}{subsection.4.1.5}
\BOOKMARK [3][-]{subsubsection.4.1.5.2}{\376\377\000s\000a\000m\000p\000l\000e\000\137\000r\000a\000t\000e}{subsection.4.1.5}
\BOOKMARK [3][-]{subsubsection.4.1.5.3}{\376\377\000s\000a\000m\000p\000l\000e\000s}{subsection.4.1.5}
\BOOKMARK [0][-]{chapter.5}{\376\377\000F\000i\000l\000e\000\040\000D\000o\000c\000u\000m\000e\000n\000t\000a\000t\000i\000o\000n}{}
\BOOKMARK [1][-]{section.5.1}{\376\377\000m\000a\000i\000n\000.\000c\000p\000p\000\040\000F\000i\000l\000e\000\040\000R\000e\000f\000e\000r\000e\000n\000c\000e}{chapter.5}
\BOOKMARK [2][-]{subsection.5.1.1}{\376\377\000D\000e\000t\000a\000i\000l\000e\000d\000\040\000D\000e\000s\000c\000r\000i\000p\000t\000i\000o\000n}{section.5.1}
\BOOKMARK [2][-]{subsection.5.1.2}{\376\377\000F\000u\000n\000c\000t\000i\000o\000n\000\040\000D\000o\000c\000u\000m\000e\000n\000t\000a\000t\000i\000o\000n}{section.5.1}
\BOOKMARK [3][-]{subsubsection.5.1.2.1}{\376\377\000m\000a\000i\000n}{subsection.5.1.2}
\BOOKMARK [3][-]{subsubsection.5.1.2.2}{\376\377\000p\000o\000r\000t\000a\000u\000d\000i\000o\000\137\000e\000n\000d}{subsection.5.1.2}
\BOOKMARK [3][-]{subsubsection.5.1.2.3}{\376\377\000p\000o\000r\000t\000a\000u\000d\000i\000o\000\137\000i\000n\000i\000t}{subsection.5.1.2}
\BOOKMARK [1][-]{section.5.2}{\376\377\000S\000i\000g\000n\000a\000l\000.\000h\000\040\000F\000i\000l\000e\000\040\000R\000e\000f\000e\000r\000e\000n\000c\000e}{chapter.5}
\BOOKMARK [2][-]{subsection.5.2.1}{\376\377\000D\000e\000t\000a\000i\000l\000e\000d\000\040\000D\000e\000s\000c\000r\000i\000p\000t\000i\000o\000n}{section.5.2}
